<?xml version="1.0" encoding="UTF-8"?>
<!-- Generated by org.testng.reporters.JUnitXMLReporter -->
<testsuite ignored="0" hostname="DESKTOP-1GBCV1K" failures="0" tests="3" name="Default test" time="16.004" errors="0" timestamp="30 Aug 2021 06:14:13 GMT">
  <testcase classname="test.CategoryTest" name="addCategory" time="4.674"/>
  <testcase classname="test.CategoryTest" name="addDuplicateCategory" time="1.495"/>
  <testcase classname="test.CategoryTest" name="verifyAllMonthsExist" time="0.379"/>
</testsuite> <!-- Default test -->
